::1 - - [28/Jan/2024:20:24:29 +0200] "GET / HTTP/1.1" 200 2941
::1 - - [28/Jan/2024:20:24:29 +0200] "GET /favicon.ico HTTP/1.1" 404 297
::1 - - [01/Feb/2024:14:44:09 +0200] "-" 408 -
::1 - - [01/Feb/2024:14:57:37 +0200] "-" 408 -
::1 - - [03/Feb/2024:13:23:44 +0200] "GET / HTTP/1.1" 200 2941
::1 - - [03/Feb/2024:13:23:45 +0200] "GET / HTTP/1.1" 200 2941
::1 - - [03/Feb/2024:13:23:46 +0200] "GET /favicon.ico HTTP/1.1" 404 297
::1 - - [03/Feb/2024:13:49:15 +0200] "GET / HTTP/1.1" 200 2941
::1 - - [03/Feb/2024:13:49:15 +0200] "GET /favicon.ico HTTP/1.1" 404 299
::1 - - [03/Feb/2024:13:52:55 +0200] "GET / HTTP/1.1" 200 2941
::1 - - [03/Feb/2024:13:53:43 +0200] "GET / HTTP/1.1" 200 2941
::1 - - [03/Feb/2024:13:53:44 +0200] "GET / HTTP/1.1" 200 2941
::1 - - [03/Feb/2024:13:53:56 +0200] "GET / HTTP/1.1" 200 2941
::1 - - [03/Feb/2024:13:55:56 +0200] "GET / HTTP/1.1" 200 2941
::1 - - [03/Feb/2024:14:04:38 +0200] "-" 408 -
::1 - - [03/Feb/2024:14:08:58 +0200] "GET / HTTP/1.1" 200 2941
::1 - - [03/Feb/2024:14:10:41 +0200] "GET / HTTP/1.1" 200 2941
::1 - - [03/Feb/2024:14:15:09 +0200] "-" 408 -
::1 - - [03/Feb/2024:14:15:41 +0200] "-" 408 -
::1 - - [03/Feb/2024:14:22:39 +0200] "GET / HTTP/1.1" 200 2956
::1 - - [03/Feb/2024:14:34:15 +0200] "GET / HTTP/1.1" 200 4101
::1 - - [03/Feb/2024:14:36:43 +0200] "GET / HTTP/1.1" 200 4154
::1 - - [03/Feb/2024:14:38:00 +0200] "GET / HTTP/1.1" 200 4160
::1 - - [03/Feb/2024:14:41:14 +0200] "GET / HTTP/1.1" 200 4169
::1 - - [03/Feb/2024:14:41:15 +0200] "GET /basics.php HTTP/1.1" 200 25
::1 - - [03/Feb/2024:14:41:42 +0200] "GET /basics.php HTTP/1.1" 200 25
::1 - - [03/Feb/2024:14:41:45 +0200] "GET / HTTP/1.1" 200 4148
::1 - - [03/Feb/2024:14:41:47 +0200] "GET /basics.php HTTP/1.1" 200 25
::1 - - [03/Feb/2024:14:42:41 +0200] "GET / HTTP/1.1" 200 4148
::1 - - [03/Feb/2024:14:47:41 +0200] "-" 408 -
::1 - - [03/Feb/2024:14:49:18 +0200] "GET / HTTP/1.1" 200 4148
::1 - - [03/Feb/2024:14:49:19 +0200] "GET /basics.php HTTP/1.1" 200 361
::1 - - [03/Feb/2024:14:54:18 +0200] "-" 408 -
::1 - - [03/Feb/2024:14:54:49 +0200] "GET /basics.php HTTP/1.1" 200 818
::1 - - [03/Feb/2024:14:54:53 +0200] "GET /basics.php HTTP/1.1" 200 818
::1 - - [03/Feb/2024:14:57:18 +0200] "GET /basics.php HTTP/1.1" 200 824
::1 - - [03/Feb/2024:14:57:34 +0200] "GET /basics.php HTTP/1.1" 200 824
::1 - - [03/Feb/2024:15:02:34 +0200] "-" 408 -
::1 - - [03/Feb/2024:15:07:19 +0200] "GET /basics.php HTTP/1.1" 200 1192
::1 - - [03/Feb/2024:15:12:19 +0200] "-" 408 -
::1 - - [03/Feb/2024:15:12:38 +0200] "GET /basics.php HTTP/1.1" 200 1231
::1 - - [03/Feb/2024:15:13:37 +0200] "GET /basics.php HTTP/1.1" 200 1258
::1 - - [03/Feb/2024:15:15:38 +0200] "GET /basics.php HTTP/1.1" 200 1258
::1 - - [03/Feb/2024:15:17:41 +0200] "GET /basics.php HTTP/1.1" 200 1291
::1 - - [03/Feb/2024:15:18:05 +0200] "GET /basics.php HTTP/1.1" 200 1290
::1 - - [03/Feb/2024:15:18:17 +0200] "GET /basics.php HTTP/1.1" 200 1291
::1 - - [03/Feb/2024:15:26:56 +0200] "GET /basics.php HTTP/1.1" 200 162
::1 - - [03/Feb/2024:15:26:57 +0200] "GET /basics.php HTTP/1.1" 200 162
::1 - - [03/Feb/2024:15:26:59 +0200] "GET /basics.php HTTP/1.1" 200 162
::1 - - [03/Feb/2024:15:30:02 +0200] "GET /basics.php HTTP/1.1" 200 1491
::1 - - [03/Feb/2024:15:32:21 +0200] "GET /basics.php HTTP/1.1" 200 1566
::1 - - [03/Feb/2024:15:34:00 +0200] "GET /basics.php HTTP/1.1" 200 163
::1 - - [03/Feb/2024:15:34:26 +0200] "GET /basics.php HTTP/1.1" 200 186
::1 - - [03/Feb/2024:15:34:55 +0200] "GET /basics.php HTTP/1.1" 200 185
::1 - - [03/Feb/2024:15:35:11 +0200] "GET /basics.php HTTP/1.1" 200 185
::1 - - [03/Feb/2024:15:35:30 +0200] "GET /basics.php HTTP/1.1" 200 1545
::1 - - [03/Feb/2024:15:38:47 +0200] "GET /basics.php HTTP/1.1" 200 1545
::1 - - [03/Feb/2024:15:38:50 +0200] "GET /basics.php HTTP/1.1" 200 165
::1 - - [03/Feb/2024:15:39:05 +0200] "GET /basics.php HTTP/1.1" 200 1703
::1 - - [03/Feb/2024:15:40:02 +0200] "GET /basics.php HTTP/1.1" 200 1723
::1 - - [03/Feb/2024:15:40:04 +0200] "GET /basics.php HTTP/1.1" 200 1723
::1 - - [03/Feb/2024:15:40:17 +0200] "GET /basics.php HTTP/1.1" 200 1713
::1 - - [03/Feb/2024:15:40:34 +0200] "GET /basics.php HTTP/1.1" 200 1713
::1 - - [03/Feb/2024:15:41:04 +0200] "GET /basics.php HTTP/1.1" 200 1643
::1 - - [03/Feb/2024:15:42:24 +0200] "GET /basics.php HTTP/1.1" 200 1699
::1 - - [03/Feb/2024:15:47:24 +0200] "-" 408 -
::1 - - [03/Feb/2024:15:52:39 +0200] "GET /basics.php HTTP/1.1" 200 1699
::1 - - [03/Feb/2024:15:52:45 +0200] "GET / HTTP/1.1" 200 4142
::1 - - [03/Feb/2024:15:53:08 +0200] "GET /basics.php HTTP/1.1" 200 1699
::1 - - [03/Feb/2024:15:53:40 +0200] "GET /basics.php HTTP/1.1" 200 2050
::1 - - [03/Feb/2024:15:54:57 +0200] "GET /basics.php HTTP/1.1" 200 2047
::1 - - [03/Feb/2024:15:54:58 +0200] "GET /basics.php HTTP/1.1" 200 2047
::1 - - [03/Feb/2024:15:55:00 +0200] "GET /basics.php HTTP/1.1" 200 2047
::1 - - [03/Feb/2024:15:55:08 +0200] "GET / HTTP/1.1" 200 4139
::1 - - [03/Feb/2024:16:00:08 +0200] "-" 408 -
::1 - - [03/Feb/2024:16:29:52 +0200] "GET / HTTP/1.1" 200 18
::1 - - [03/Feb/2024:16:30:05 +0200] "GET /basics.php HTTP/1.1" 200 18
::1 - - [03/Feb/2024:16:35:05 +0200] "-" 408 -
::1 - - [03/Feb/2024:16:39:14 +0200] "GET /basics.php HTTP/1.1" 200 3334
::1 - - [03/Feb/2024:16:43:38 +0200] "GET /basics.php HTTP/1.1" 200 11
::1 - - [03/Feb/2024:16:43:48 +0200] "GET /hjhjhjhj HTTP/1.1" 200 9
::1 - - [03/Feb/2024:16:45:07 +0200] "GET /basics.php HTTP/1.1" 200 11
::1 - - [03/Feb/2024:16:47:48 +0200] "GET /hjhjhjhj HTTP/1.1" 200 9
::1 - - [03/Feb/2024:16:47:49 +0200] "GET /hjhjhjhj HTTP/1.1" 200 9
::1 - - [03/Feb/2024:16:47:55 +0200] "GET / HTTP/1.1" 200 1
::1 - - [03/Feb/2024:16:49:07 +0200] "GET /hello?x=10 HTTP/1.1" 200 6
::1 - - [03/Feb/2024:16:54:07 +0200] "-" 408 -
::1 - - [03/Feb/2024:16:55:49 +0200] "GET /hello?x=10 HTTP/1.1" 200 16
::1 - - [03/Feb/2024:16:55:55 +0200] "GET / HTTP/1.1" 200 4139
::1 - - [03/Feb/2024:16:55:57 +0200] "GET /basics.php HTTP/1.1" 200 21
::1 - - [03/Feb/2024:16:56:08 +0200] "GET /basics HTTP/1.1" 200 2047
::1 - - [03/Feb/2024:16:56:49 +0200] "GET /basics.php HTTP/1.1" 200 21
::1 - - [03/Feb/2024:16:56:58 +0200] "GET / HTTP/1.1" 200 4139
::1 - - [03/Feb/2024:16:56:59 +0200] "GET /basics.php HTTP/1.1" 200 21
::1 - - [03/Feb/2024:16:57:18 +0200] "GET /basics.php HTTP/1.1" 200 21
::1 - - [03/Feb/2024:16:57:23 +0200] "GET /badges.html HTTP/1.1" 200 22
::1 - - [03/Feb/2024:17:02:10 +0200] "-" 408 -
::1 - - [03/Feb/2024:17:11:21 +0200] "GET / HTTP/1.1" 200 4149
::1 - - [03/Feb/2024:17:11:23 +0200] "GET / HTTP/1.1" 200 4149
::1 - - [03/Feb/2024:17:11:26 +0200] "GET /basics HTTP/1.1" 200 2892
::1 - - [03/Feb/2024:17:11:27 +0200] "GET /layot HTTP/1.1" 200 16
::1 - - [03/Feb/2024:17:11:58 +0200] "GET /basics HTTP/1.1" 200 2892
::1 - - [03/Feb/2024:17:12:01 +0200] "GET /layot HTTP/1.1" 200 16
::1 - - [03/Feb/2024:17:12:18 +0200] "GET / HTTP/1.1" 200 4149
::1 - - [03/Feb/2024:17:12:39 +0200] "GET /basics HTTP/1.1" 200 2892
::1 - - [03/Feb/2024:17:12:41 +0200] "GET / HTTP/1.1" 200 4149
::1 - - [03/Feb/2024:17:12:43 +0200] "GET /layot HTTP/1.1" 200 16
::1 - - [03/Feb/2024:17:13:36 +0200] "GET /layot HTTP/1.1" 200 16
::1 - - [03/Feb/2024:17:13:38 +0200] "GET /layot HTTP/1.1" 200 16
::1 - - [03/Feb/2024:17:13:42 +0200] "GET / HTTP/1.1" 200 4150
::1 - - [03/Feb/2024:17:13:43 +0200] "GET / HTTP/1.1" 200 4150
::1 - - [03/Feb/2024:17:13:44 +0200] "GET / HTTP/1.1" 200 4150
::1 - - [03/Feb/2024:17:13:45 +0200] "GET /basics HTTP/1.1" 200 2893
::1 - - [03/Feb/2024:17:13:46 +0200] "GET /layout HTTP/1.1" 200 2352
::1 - - [03/Feb/2024:17:15:46 +0200] "GET / HTTP/1.1" 200 4150
::1 - - [03/Feb/2024:17:15:48 +0200] "GET /basics HTTP/1.1" 200 2893
::1 - - [03/Feb/2024:17:15:49 +0200] "GET /layout HTTP/1.1" 200 2352
::1 - - [03/Feb/2024:17:15:50 +0200] "GET / HTTP/1.1" 200 4150
::1 - - [03/Feb/2024:17:20:46 +0200] "-" 408 -
::1 - - [03/Feb/2024:17:26:28 +0200] "GET / HTTP/1.1" 200 206
::1 - - [03/Feb/2024:17:27:36 +0200] "GET / HTTP/1.1" 200 4267
::1 - - [03/Feb/2024:17:27:38 +0200] "GET /basics HTTP/1.1" 200 3024
::1 - - [03/Feb/2024:17:27:39 +0200] "GET /layout HTTP/1.1" 200 2483
::1 - - [03/Feb/2024:17:27:40 +0200] "GET / HTTP/1.1" 200 4267
::1 - - [03/Feb/2024:17:32:36 +0200] "-" 408 -
::1 - - [03/Feb/2024:17:35:20 +0200] "GET /phpmyadmin/ HTTP/1.1" 200 19454
::1 - - [03/Feb/2024:17:35:32 +0200] "GET /phpmyadmin/themes/pmahomme/jquery/jquery-ui.css HTTP/1.1" 200 36566
::1 - - [03/Feb/2024:17:35:32 +0200] "GET /phpmyadmin/js/vendor/codemirror/lib/codemirror.css?v=5.2.1 HTTP/1.1" 200 8720
::1 - - [03/Feb/2024:17:35:32 +0200] "GET /phpmyadmin/js/vendor/codemirror/addon/hint/show-hint.css?v=5.2.1 HTTP/1.1" 200 649
::1 - - [03/Feb/2024:17:35:32 +0200] "GET /phpmyadmin/themes/pmahomme/css/theme.css?v=5.2.1 HTTP/1.1" 200 357367
::1 - - [03/Feb/2024:17:35:32 +0200] "GET /phpmyadmin/js/vendor/sprintf.js?v=5.2.1 HTTP/1.1" 200 7409
::1 - - [03/Feb/2024:17:35:32 +0200] "GET /phpmyadmin/js/vendor/codemirror/addon/lint/lint.css?v=5.2.1 HTTP/1.1" 200 3035
::1 - - [03/Feb/2024:17:35:32 +0200] "GET /phpmyadmin/js/vendor/jquery/jquery-migrate.min.js?v=5.2.1 HTTP/1.1" 200 13467
::1 - - [03/Feb/2024:17:35:32 +0200] "GET /phpmyadmin/js/dist/ajax.js?v=5.2.1 HTTP/1.1" 200 29948
::1 - - [03/Feb/2024:17:35:32 +0200] "GET /phpmyadmin/js/dist/keyhandler.js?v=5.2.1 HTTP/1.1" 200 2059
::1 - - [03/Feb/2024:17:35:32 +0200] "GET /phpmyadmin/js/dist/name-conflict-fixes.js?v=5.2.1 HTTP/1.1" 200 43
::1 - - [03/Feb/2024:17:35:32 +0200] "GET /phpmyadmin/js/vendor/js.cookie.js?v=5.2.1 HTTP/1.1" 200 3883
::1 - - [03/Feb/2024:17:35:32 +0200] "GET /phpmyadmin/js/vendor/jquery/jquery.min.js?v=5.2.1 HTTP/1.1" 200 89947
::1 - - [03/Feb/2024:17:35:32 +0200] "GET /phpmyadmin/js/vendor/jquery/jquery.validate.min.js?v=5.2.1 HTTP/1.1" 200 24601
::1 - - [03/Feb/2024:17:35:32 +0200] "GET /phpmyadmin/js/vendor/bootstrap/bootstrap.bundle.min.js?v=5.2.1 HTTP/1.1" 200 80420
::1 - - [03/Feb/2024:17:35:32 +0200] "GET /phpmyadmin/js/vendor/jquery/jquery-ui-timepicker-addon.js?v=5.2.1 HTTP/1.1" 200 78475
::1 - - [03/Feb/2024:17:35:32 +0200] "GET /phpmyadmin/js/dist/cross_framing_protection.js?v=5.2.1 HTTP/1.1" 200 405
::1 - - [03/Feb/2024:17:35:32 +0200] "GET /phpmyadmin/js/dist/menu_resizer.js?v=5.2.1 HTTP/1.1" 200 5729
::1 - - [03/Feb/2024:17:35:32 +0200] "GET /phpmyadmin/js/vendor/jquery/jquery.debounce-1.0.6.js?v=5.2.1 HTTP/1.1" 200 1608
::1 - - [03/Feb/2024:17:35:32 +0200] "GET /phpmyadmin/js/dist/config.js?v=5.2.1 HTTP/1.1" 200 24059
::1 - - [03/Feb/2024:17:35:32 +0200] "GET /phpmyadmin/js/dist/doclinks.js?v=5.2.1 HTTP/1.1" 200 18276
::1 - - [03/Feb/2024:17:35:32 +0200] "GET /phpmyadmin/js/dist/navigation.js?v=5.2.1 HTTP/1.1" 200 51830
::1 - - [03/Feb/2024:17:35:32 +0200] "GET /phpmyadmin/js/vendor/jquery/jquery-ui.min.js?v=5.2.1 HTTP/1.1" 200 255084
::1 - - [03/Feb/2024:17:35:32 +0200] "GET /phpmyadmin/js/dist/functions.js?v=5.2.1 HTTP/1.1" 200 148069
::1 - - [03/Feb/2024:17:35:32 +0200] "GET /phpmyadmin/js/dist/common.js?v=5.2.1 HTTP/1.1" 200 4530
::1 - - [03/Feb/2024:17:35:32 +0200] "GET /phpmyadmin/js/dist/indexes.js?v=5.2.1 HTTP/1.1" 200 26962
::1 - - [03/Feb/2024:17:35:32 +0200] "GET /phpmyadmin/js/dist/page_settings.js?v=5.2.1 HTTP/1.1" 200 1818
::1 - - [03/Feb/2024:17:35:32 +0200] "GET /phpmyadmin/js/dist/home.js?v=5.2.1 HTTP/1.1" 200 5275
::1 - - [03/Feb/2024:17:35:32 +0200] "GET /phpmyadmin/js/vendor/codemirror/addon/runmode/runmode.js?v=5.2.1 HTTP/1.1" 200 2777
::1 - - [03/Feb/2024:17:35:32 +0200] "GET /phpmyadmin/js/vendor/codemirror/mode/sql/sql.js?v=5.2.1 HTTP/1.1" 200 59564
::1 - - [03/Feb/2024:17:35:32 +0200] "GET /phpmyadmin/js/vendor/codemirror/addon/hint/show-hint.js?v=5.2.1 HTTP/1.1" 200 19792
::1 - - [03/Feb/2024:17:35:32 +0200] "GET /phpmyadmin/js/vendor/codemirror/addon/hint/sql-hint.js?v=5.2.1 HTTP/1.1" 200 9560
::1 - - [03/Feb/2024:17:35:32 +0200] "GET /phpmyadmin/js/dist/codemirror/addon/lint/sql-lint.js?v=5.2.1 HTTP/1.1" 200 940
::1 - - [03/Feb/2024:17:35:32 +0200] "GET /phpmyadmin/js/vendor/codemirror/addon/lint/lint.js?v=5.2.1 HTTP/1.1" 200 9987
::1 - - [03/Feb/2024:17:35:32 +0200] "GET /phpmyadmin/js/vendor/tracekit.js?v=5.2.1 HTTP/1.1" 200 47128
::1 - - [03/Feb/2024:17:35:32 +0200] "GET /phpmyadmin/js/dist/error_report.js?v=5.2.1 HTTP/1.1" 200 9264
::1 - - [03/Feb/2024:17:35:32 +0200] "GET /phpmyadmin/js/dist/drag_drop_import.js?v=5.2.1 HTTP/1.1" 200 12431
::1 - - [03/Feb/2024:17:35:32 +0200] "GET /phpmyadmin/js/dist/shortcuts_handler.js?v=5.2.1 HTTP/1.1" 200 3303
::1 - - [03/Feb/2024:17:35:32 +0200] "GET /phpmyadmin/themes/pmahomme/img/logo_left.png HTTP/1.1" 200 2713
::1 - - [03/Feb/2024:17:35:32 +0200] "GET /phpmyadmin/themes/dot.gif HTTP/1.1" 200 43
::1 - - [03/Feb/2024:17:35:32 +0200] "GET /phpmyadmin/js/vendor/codemirror/lib/codemirror.js?v=5.2.1 HTTP/1.1" 200 401653
::1 - - [03/Feb/2024:17:35:32 +0200] "GET /phpmyadmin/js/dist/console.js?v=5.2.1 HTTP/1.1" 200 49548
::1 - - [03/Feb/2024:17:35:32 +0200] "GET /phpmyadmin/js/messages.php?l=ru&v=5.2.1&lang=ru HTTP/1.1" 200 12854
::1 - - [03/Feb/2024:17:35:33 +0200] "GET /phpmyadmin/themes/pmahomme/img/s_reload.png HTTP/1.1" 200 527
::1 - - [03/Feb/2024:17:35:33 +0200] "GET /phpmyadmin/themes/pmahomme/img/b_home.png HTTP/1.1" 200 734
::1 - - [03/Feb/2024:17:35:33 +0200] "GET /phpmyadmin/themes/pmahomme/img/s_loggoff.png HTTP/1.1" 200 626
::1 - - [03/Feb/2024:17:35:33 +0200] "GET /phpmyadmin/themes/pmahomme/img/b_sqlhelp.png HTTP/1.1" 200 512
::1 - - [03/Feb/2024:17:35:33 +0200] "GET /phpmyadmin/themes/pmahomme/img/b_docs.png HTTP/1.1" 200 705
::1 - - [03/Feb/2024:17:35:33 +0200] "GET /phpmyadmin/themes/pmahomme/img/s_cog.png HTTP/1.1" 200 442
::1 - - [03/Feb/2024:17:35:33 +0200] "GET /phpmyadmin/themes/pmahomme/img/b_plus.png HTTP/1.1" 200 143
::1 - - [03/Feb/2024:17:35:33 +0200] "GET /phpmyadmin/themes/pmahomme/img/s_collapseall.png HTTP/1.1" 200 143
::1 - - [03/Feb/2024:17:35:33 +0200] "GET /phpmyadmin/themes/pmahomme/img/s_link.png HTTP/1.1" 200 280
::1 - - [03/Feb/2024:17:35:33 +0200] "GET /phpmyadmin/themes/pmahomme/img/s_db.png HTTP/1.1" 200 328
::1 - - [03/Feb/2024:17:35:33 +0200] "GET /phpmyadmin/themes/pmahomme/img/b_newdb.png HTTP/1.1" 200 585
::1 - - [03/Feb/2024:17:35:33 +0200] "GET /phpmyadmin/themes/pmahomme/img/s_host.png HTTP/1.1" 200 591
::1 - - [03/Feb/2024:17:35:33 +0200] "GET /phpmyadmin/themes/pmahomme/img/s_rights.png HTTP/1.1" 200 461
::1 - - [03/Feb/2024:17:35:33 +0200] "GET /phpmyadmin/themes/pmahomme/img/b_sql.png HTTP/1.1" 200 680
::1 - - [03/Feb/2024:17:35:33 +0200] "GET /phpmyadmin/themes/pmahomme/img/b_import.png HTTP/1.1" 200 556
::1 - - [03/Feb/2024:17:35:33 +0200] "GET /phpmyadmin/themes/pmahomme/img/b_tblops.png HTTP/1.1" 200 537
::1 - - [03/Feb/2024:17:35:33 +0200] "GET /phpmyadmin/themes/pmahomme/img/s_status.png HTTP/1.1" 200 600
::1 - - [03/Feb/2024:17:35:33 +0200] "GET /phpmyadmin/themes/pmahomme/img/b_export.png HTTP/1.1" 200 514
::1 - - [03/Feb/2024:17:35:33 +0200] "GET /phpmyadmin/themes/pmahomme/img/s_vars.png HTTP/1.1" 200 523
::1 - - [03/Feb/2024:17:35:33 +0200] "GET /phpmyadmin/themes/pmahomme/img/s_replication.png HTTP/1.1" 200 399
::1 - - [03/Feb/2024:17:35:33 +0200] "GET /phpmyadmin/themes/pmahomme/img/s_top.png HTTP/1.1" 200 220
::1 - - [03/Feb/2024:17:35:33 +0200] "GET /phpmyadmin/themes/pmahomme/img/b_engine.png HTTP/1.1" 200 398
::1 - - [03/Feb/2024:17:35:33 +0200] "GET /phpmyadmin/themes/pmahomme/img/s_asci.png HTTP/1.1" 200 148
::1 - - [03/Feb/2024:17:35:33 +0200] "GET /phpmyadmin/themes/pmahomme/img/b_plugin.png HTTP/1.1" 200 512
::1 - - [03/Feb/2024:17:35:33 +0200] "GET /phpmyadmin/themes/pmahomme/img/b_help.png HTTP/1.1" 200 705
::1 - - [03/Feb/2024:17:35:33 +0200] "GET /phpmyadmin/themes/pmahomme/img/console.png HTTP/1.1" 200 292
::1 - - [03/Feb/2024:17:35:33 +0200] "GET /phpmyadmin/themes/pmahomme/img/s_lang.png HTTP/1.1" 200 659
::1 - - [03/Feb/2024:17:35:33 +0200] "GET /phpmyadmin/themes/pmahomme/img/window-new.png HTTP/1.1" 200 468
::1 - - [03/Feb/2024:17:35:33 +0200] "GET /phpmyadmin/themes/pmahomme/img/s_theme.png HTTP/1.1" 200 772
::1 - - [03/Feb/2024:17:35:33 +0200] "GET /phpmyadmin/favicon.ico HTTP/1.1" 200 22486
::1 - - [03/Feb/2024:17:35:33 +0200] "POST /phpmyadmin/index.php?route=/version-check HTTP/1.1" 200 64
::1 - - [03/Feb/2024:17:35:33 +0200] "POST /phpmyadmin/index.php?route=/navigation&ajax_request=1 HTTP/1.1" 200 2510
::1 - - [03/Feb/2024:17:35:33 +0200] "POST /phpmyadmin/index.php?route=/config/get HTTP/1.1" 200 1631
::1 - - [03/Feb/2024:17:35:33 +0200] "POST /phpmyadmin/index.php?route=/config/get HTTP/1.1" 200 1724
::1 - - [03/Feb/2024:17:35:33 +0200] "POST /phpmyadmin/index.php?route=/database/structure/favorite-table&ajax_request=1&favorite_table=1&sync_favorite_tables=1&lang=ru HTTP/1.1" 200 192
::1 - - [03/Feb/2024:17:35:34 +0200] "POST /phpmyadmin/index.php?route=/config/set HTTP/1.1" 200 1622
::1 - - [05/Feb/2024:10:41:35 +0200] "GET / HTTP/1.1" 200 4267
::1 - - [05/Feb/2024:10:41:36 +0200] "GET / HTTP/1.1" 200 4267
::1 - - [05/Feb/2024:10:41:36 +0200] "GET /favicon.ico HTTP/1.1" 200 22
::1 - - [05/Feb/2024:10:41:39 +0200] "GET /basics HTTP/1.1" 200 3024
::1 - - [05/Feb/2024:10:41:39 +0200] "GET /favicon.ico HTTP/1.1" 200 22
::1 - - [05/Feb/2024:10:41:42 +0200] "GET /layout HTTP/1.1" 200 2483
::1 - - [05/Feb/2024:10:41:42 +0200] "GET /favicon.ico HTTP/1.1" 200 22
::1 - - [05/Feb/2024:10:41:44 +0200] "GET / HTTP/1.1" 200 4267
::1 - - [05/Feb/2024:10:41:44 +0200] "GET /favicon.ico HTTP/1.1" 200 22
::1 - - [05/Feb/2024:10:41:47 +0200] "GET /basics HTTP/1.1" 200 3024
::1 - - [05/Feb/2024:10:41:47 +0200] "GET /favicon.ico HTTP/1.1" 200 22
::1 - - [05/Feb/2024:10:41:50 +0200] "GET / HTTP/1.1" 200 4267
::1 - - [05/Feb/2024:10:41:50 +0200] "GET /favicon.ico HTTP/1.1" 200 22
::1 - - [05/Feb/2024:10:41:51 +0200] "GET /basics HTTP/1.1" 200 3024
::1 - - [05/Feb/2024:10:41:51 +0200] "GET /favicon.ico HTTP/1.1" 200 22
::1 - - [05/Feb/2024:10:41:53 +0200] "GET / HTTP/1.1" 200 4267
::1 - - [05/Feb/2024:10:41:53 +0200] "GET /favicon.ico HTTP/1.1" 200 22
::1 - - [05/Feb/2024:10:41:54 +0200] "GET /basics HTTP/1.1" 200 3024
::1 - - [05/Feb/2024:10:41:54 +0200] "GET /favicon.ico HTTP/1.1" 200 22
::1 - - [05/Feb/2024:10:41:56 +0200] "GET /layout HTTP/1.1" 200 2483
::1 - - [05/Feb/2024:10:41:56 +0200] "GET /favicon.ico HTTP/1.1" 200 22
::1 - - [05/Feb/2024:10:41:59 +0200] "GET / HTTP/1.1" 200 4267
::1 - - [05/Feb/2024:10:41:59 +0200] "GET /favicon.ico HTTP/1.1" 200 22
::1 - - [05/Feb/2024:10:42:03 +0200] "GET /basics HTTP/1.1" 200 3024
::1 - - [05/Feb/2024:10:42:03 +0200] "GET /favicon.ico HTTP/1.1" 200 22
::1 - - [05/Feb/2024:10:42:07 +0200] "GET /layout HTTP/1.1" 200 2483
::1 - - [05/Feb/2024:10:42:07 +0200] "GET /favicon.ico HTTP/1.1" 200 22
::1 - - [05/Feb/2024:10:42:09 +0200] "GET /basics HTTP/1.1" 200 3024
::1 - - [05/Feb/2024:10:42:09 +0200] "GET /favicon.ico HTTP/1.1" 200 22
::1 - - [05/Feb/2024:10:42:11 +0200] "GET /layout HTTP/1.1" 200 2483
::1 - - [05/Feb/2024:10:42:11 +0200] "GET /favicon.ico HTTP/1.1" 200 22
::1 - - [05/Feb/2024:10:42:12 +0200] "GET /basics HTTP/1.1" 200 3024
::1 - - [05/Feb/2024:10:42:12 +0200] "GET /favicon.ico HTTP/1.1" 200 22
::1 - - [05/Feb/2024:10:42:26 +0200] "GET / HTTP/1.1" 200 4267
::1 - - [05/Feb/2024:10:47:33 +0200] "-" 408 -
::1 - - [05/Feb/2024:10:57:32 +0200] "GET /basics HTTP/1.1" 200 3024
::1 - - [05/Feb/2024:10:57:32 +0200] "GET /favicon.ico HTTP/1.1" 200 22
::1 - - [05/Feb/2024:10:57:34 +0200] "GET /layout HTTP/1.1" 200 2483
::1 - - [05/Feb/2024:10:57:34 +0200] "GET /favicon.ico HTTP/1.1" 200 22
::1 - - [05/Feb/2024:10:57:36 +0200] "GET / HTTP/1.1" 200 4267
::1 - - [05/Feb/2024:10:57:36 +0200] "GET /favicon.ico HTTP/1.1" 200 22
::1 - - [05/Feb/2024:11:00:06 +0200] "GET / HTTP/1.1" 200 4267
::1 - - [05/Feb/2024:11:00:06 +0200] "GET /favicon.ico HTTP/1.1" 200 22
::1 - - [05/Feb/2024:11:00:08 +0200] "GET /basics HTTP/1.1" 200 3376
::1 - - [05/Feb/2024:11:00:08 +0200] "GET /favicon.ico HTTP/1.1" 200 22
::1 - - [05/Feb/2024:11:00:11 +0200] "GET /basics HTTP/1.1" 200 3376
::1 - - [05/Feb/2024:11:00:11 +0200] "GET /favicon.ico HTTP/1.1" 200 22
::1 - - [05/Feb/2024:11:00:13 +0200] "GET /basics HTTP/1.1" 200 3376
::1 - - [05/Feb/2024:11:00:13 +0200] "GET /favicon.ico HTTP/1.1" 200 22
::1 - - [05/Feb/2024:11:00:26 +0200] "GET /basics HTTP/1.1" 200 3376
::1 - - [05/Feb/2024:11:00:26 +0200] "GET /favicon.ico HTTP/1.1" 200 22
::1 - - [05/Feb/2024:11:01:18 +0200] "GET /layout HTTP/1.1" 200 3565
::1 - - [05/Feb/2024:11:01:18 +0200] "GET /favicon.ico HTTP/1.1" 200 22
::1 - - [05/Feb/2024:11:01:20 +0200] "GET /layout HTTP/1.1" 200 3565
::1 - - [05/Feb/2024:11:01:20 +0200] "GET /favicon.ico HTTP/1.1" 200 22
::1 - - [05/Feb/2024:11:01:22 +0200] "GET /basics HTTP/1.1" 200 3376
::1 - - [05/Feb/2024:11:01:22 +0200] "GET /favicon.ico HTTP/1.1" 200 22
::1 - - [05/Feb/2024:11:01:23 +0200] "GET /layout HTTP/1.1" 200 3565
::1 - - [05/Feb/2024:11:01:23 +0200] "GET /favicon.ico HTTP/1.1" 200 22
::1 - - [05/Feb/2024:11:01:25 +0200] "GET /basics HTTP/1.1" 200 3376
::1 - - [05/Feb/2024:11:01:25 +0200] "GET /favicon.ico HTTP/1.1" 200 22
::1 - - [05/Feb/2024:11:01:25 +0200] "GET /layout HTTP/1.1" 200 3565
::1 - - [05/Feb/2024:11:01:25 +0200] "GET /favicon.ico HTTP/1.1" 200 22
