[Sat Feb 03 15:26:56.138420 2024] [php:error] [pid 18880:tid 1952] [client ::1:51981] PHP Parse error:  syntax error, unexpected token "<" in C:\\Users\\Andrii\\source\\repos\\PHP-SPD-111\\basics.php on line 45, referer: http://spd-111.loc/
[Sat Feb 03 15:26:57.715778 2024] [php:error] [pid 18880:tid 1952] [client ::1:51981] PHP Parse error:  syntax error, unexpected token "<" in C:\\Users\\Andrii\\source\\repos\\PHP-SPD-111\\basics.php on line 45, referer: http://spd-111.loc/
[Sat Feb 03 15:26:59.786035 2024] [php:error] [pid 18880:tid 1952] [client ::1:51981] PHP Parse error:  syntax error, unexpected token "<" in C:\\Users\\Andrii\\source\\repos\\PHP-SPD-111\\basics.php on line 45, referer: http://spd-111.loc/
[Sat Feb 03 15:34:00.067768 2024] [php:error] [pid 18880:tid 1964] [client ::1:52005] PHP Parse error:  syntax error, unexpected token "endif" in C:\\Users\\Andrii\\source\\repos\\PHP-SPD-111\\basics.php on line 53, referer: http://spd-111.loc/
[Sat Feb 03 15:34:26.580930 2024] [php:error] [pid 18880:tid 1952] [client ::1:52006] PHP Parse error:  syntax error, unexpected token "endif", expecting end of file in C:\\Users\\Andrii\\source\\repos\\PHP-SPD-111\\basics.php on line 53, referer: http://spd-111.loc/
[Sat Feb 03 15:34:55.709873 2024] [php:error] [pid 18880:tid 1964] [client ::1:52007] PHP Parse error:  syntax error, unexpected token "else", expecting end of file in C:\\Users\\Andrii\\source\\repos\\PHP-SPD-111\\basics.php on line 51, referer: http://spd-111.loc/
[Sat Feb 03 15:35:11.043855 2024] [php:error] [pid 18880:tid 1952] [client ::1:52009] PHP Parse error:  syntax error, unexpected token "else", expecting end of file in C:\\Users\\Andrii\\source\\repos\\PHP-SPD-111\\basics.php on line 51, referer: http://spd-111.loc/
[Sat Feb 03 15:38:50.864928 2024] [php:error] [pid 18880:tid 1952] [client ::1:52034] PHP Parse error:  syntax error, unexpected identifier "in" in C:\\Users\\Andrii\\source\\repos\\PHP-SPD-111\\basics.php on line 55, referer: http://spd-111.loc/
[Sat Feb 03 17:26:28.304231 2024] [php:error] [pid 21556:tid 1944] [client ::1:52751] PHP Parse error:  syntax error, unexpected single-quoted string "/basics", expecting "]" in C:\\Users\\Andrii\\source\\repos\\PHP-SPD-111\\_layout.php on line 23, referer: http://spd-111.loc/layout
[Sat Feb 10 14:02:06.256748 2024] [php:warn] [pid 8580:tid 1908] [client ::1:51089] PHP Warning:  readfile(./wwwroot/): Failed to open stream: No such file or directory in C:\\Users\\Andrii\\source\\repos\\PHP-SPD-111\\access_manager.php on line 17, referer: http://spd-111.loc/layout
[Sat Feb 10 14:26:51.059732 2024] [php:warn] [pid 8580:tid 1908] [client ::1:51857] PHP Warning:  Undefined variable $content_type in C:\\Users\\Andrii\\source\\repos\\PHP-SPD-111\\access_manager.php on line 34, referer: http://spd-111.loc/
[Sat Feb 10 14:26:51.061733 2024] [php:warn] [pid 8580:tid 1924] [client ::1:51858] PHP Warning:  Undefined variable $content_type in C:\\Users\\Andrii\\source\\repos\\PHP-SPD-111\\access_manager.php on line 34, referer: http://spd-111.loc/
[Sat Feb 10 14:26:52.164824 2024] [php:warn] [pid 8580:tid 1908] [client ::1:51857] PHP Warning:  Undefined variable $content_type in C:\\Users\\Andrii\\source\\repos\\PHP-SPD-111\\access_manager.php on line 34, referer: http://spd-111.loc/
[Sat Feb 10 14:26:52.165819 2024] [php:warn] [pid 8580:tid 1916] [client ::1:51856] PHP Warning:  Undefined variable $content_type in C:\\Users\\Andrii\\source\\repos\\PHP-SPD-111\\access_manager.php on line 34, referer: http://spd-111.loc/
[Sat Feb 10 14:27:00.372320 2024] [php:warn] [pid 8580:tid 1916] [client ::1:51864] PHP Warning:  Undefined variable $content_type in C:\\Users\\Andrii\\source\\repos\\PHP-SPD-111\\access_manager.php on line 34, referer: http://spd-111.loc/
[Sat Feb 10 14:27:00.372320 2024] [php:warn] [pid 8580:tid 1908] [client ::1:51865] PHP Warning:  Undefined variable $content_type in C:\\Users\\Andrii\\source\\repos\\PHP-SPD-111\\access_manager.php on line 34, referer: http://spd-111.loc/
[Sat Feb 10 14:27:06.632377 2024] [php:warn] [pid 8580:tid 1908] [client ::1:51870] PHP Warning:  Undefined variable $content_type in C:\\Users\\Andrii\\source\\repos\\PHP-SPD-111\\access_manager.php on line 34, referer: http://spd-111.loc/
[Sat Feb 10 14:27:06.635368 2024] [php:warn] [pid 8580:tid 1916] [client ::1:51869] PHP Warning:  Undefined variable $content_type in C:\\Users\\Andrii\\source\\repos\\PHP-SPD-111\\access_manager.php on line 34, referer: http://spd-111.loc/
[Sat Feb 10 14:27:07.244971 2024] [php:warn] [pid 8580:tid 1908] [client ::1:51870] PHP Warning:  Undefined variable $content_type in C:\\Users\\Andrii\\source\\repos\\PHP-SPD-111\\access_manager.php on line 34, referer: http://spd-111.loc/
[Sat Feb 10 14:27:07.244971 2024] [php:warn] [pid 8580:tid 1924] [client ::1:51872] PHP Warning:  Undefined variable $content_type in C:\\Users\\Andrii\\source\\repos\\PHP-SPD-111\\access_manager.php on line 34, referer: http://spd-111.loc/
[Sat Feb 10 14:28:23.139425 2024] [php:warn] [pid 8580:tid 1924] [client ::1:51912] PHP Warning:  Undefined variable $content_type in C:\\Users\\Andrii\\source\\repos\\PHP-SPD-111\\access_manager.php on line 34, referer: http://spd-111.loc/
[Sat Feb 10 14:28:23.142936 2024] [php:warn] [pid 8580:tid 1908] [client ::1:51911] PHP Warning:  Undefined variable $content_type in C:\\Users\\Andrii\\source\\repos\\PHP-SPD-111\\access_manager.php on line 34, referer: http://spd-111.loc/
[Sat Feb 10 17:00:36.130986 2024] [php:error] [pid 8580:tid 1916] [client ::1:53712] PHP Parse error:  syntax error, unexpected token "=>", expecting ")" in C:\\Users\\Andrii\\source\\repos\\PHP-SPD-111\\controllers\\TestController.php on line 24, referer: http://spd-111.loc/api
[Sat Feb 10 17:00:48.842218 2024] [php:error] [pid 8580:tid 1916] [client ::1:53714] PHP Parse error:  syntax error, unexpected token "=>", expecting ")" in C:\\Users\\Andrii\\source\\repos\\PHP-SPD-111\\controllers\\TestController.php on line 24, referer: http://spd-111.loc/api
[Sat Feb 10 17:00:49.829678 2024] [php:error] [pid 8580:tid 1916] [client ::1:53714] PHP Parse error:  syntax error, unexpected token "=>", expecting ")" in C:\\Users\\Andrii\\source\\repos\\PHP-SPD-111\\controllers\\TestController.php on line 24, referer: http://spd-111.loc/api
[Sat Feb 10 17:00:50.509268 2024] [php:error] [pid 8580:tid 1916] [client ::1:53714] PHP Parse error:  syntax error, unexpected token "=>", expecting ")" in C:\\Users\\Andrii\\source\\repos\\PHP-SPD-111\\controllers\\TestController.php on line 24, referer: http://spd-111.loc/api
[Sat Feb 10 17:00:51.056826 2024] [php:error] [pid 8580:tid 1916] [client ::1:53714] PHP Parse error:  syntax error, unexpected token "=>", expecting ")" in C:\\Users\\Andrii\\source\\repos\\PHP-SPD-111\\controllers\\TestController.php on line 24, referer: http://spd-111.loc/api
[Sat Feb 10 17:00:53.031790 2024] [php:error] [pid 8580:tid 1892] [client ::1:53715] PHP Parse error:  syntax error, unexpected token "=>", expecting ")" in C:\\Users\\Andrii\\source\\repos\\PHP-SPD-111\\controllers\\TestController.php on line 24, referer: http://spd-111.loc/api
[Sat Feb 10 17:38:10.437929 2024] [php:error] [pid 8580:tid 1916] [client ::1:53936] PHP Parse error:  syntax error, unexpected token "catch", expecting "function" or "const" in C:\\Users\\Andrii\\source\\repos\\PHP-SPD-111\\controllers\\TestController.php on line 48, referer: http://spd-111.loc/api
[Tue Feb 13 20:37:04.219910 2024] [php:error] [pid 5132:tid 1980] [client ::1:49863] PHP Fatal error:  Maximum execution time of 120 seconds exceeded in C:\\xampp\\phpMyAdmin\\libraries\\classes\\ErrorHandler.php on line 192
[Sat Feb 17 14:06:04.393801 2024] [php:error] [pid 10832:tid 1912] [client ::1:51411] PHP Fatal error:  Cannot declare class TestController, because the name is already in use in C:\\Users\\Andrii\\source\\repos\\PHP-SPD-111\\controllers\\TestController.php on line 5, referer: http://spd-111.loc/api
[Sat Feb 17 14:06:07.041710 2024] [php:error] [pid 10832:tid 1912] [client ::1:51411] PHP Fatal error:  Cannot declare class TestController, because the name is already in use in C:\\Users\\Andrii\\source\\repos\\PHP-SPD-111\\controllers\\TestController.php on line 5, referer: http://spd-111.loc/api
[Sat Feb 17 14:06:07.983956 2024] [php:error] [pid 10832:tid 1912] [client ::1:51411] PHP Fatal error:  Cannot declare class TestController, because the name is already in use in C:\\Users\\Andrii\\source\\repos\\PHP-SPD-111\\controllers\\TestController.php on line 5, referer: http://spd-111.loc/api
[Sat Feb 17 14:06:08.601594 2024] [php:error] [pid 10832:tid 1912] [client ::1:51411] PHP Fatal error:  Cannot declare class TestController, because the name is already in use in C:\\Users\\Andrii\\source\\repos\\PHP-SPD-111\\controllers\\TestController.php on line 5, referer: http://spd-111.loc/api
[Sat Feb 17 14:06:09.156118 2024] [php:error] [pid 10832:tid 1912] [client ::1:51411] PHP Fatal error:  Cannot declare class TestController, because the name is already in use in C:\\Users\\Andrii\\source\\repos\\PHP-SPD-111\\controllers\\TestController.php on line 5, referer: http://spd-111.loc/api
[Sat Feb 17 15:10:54.903233 2024] [php:error] [pid 10832:tid 1904] [client ::1:52708] PHP Parse error:  syntax error, unexpected token "<" in C:\\Users\\Andrii\\source\\repos\\PHP-SPD-111\\_layout.php on line 27, referer: http://spd-111.loc/api
[Sat Feb 17 15:10:56.522557 2024] [php:error] [pid 10832:tid 1904] [client ::1:52708] PHP Parse error:  syntax error, unexpected token "<" in C:\\Users\\Andrii\\source\\repos\\PHP-SPD-111\\_layout.php on line 27, referer: http://spd-111.loc/api
[Sat Feb 17 15:10:57.289384 2024] [php:error] [pid 10832:tid 1904] [client ::1:52708] PHP Parse error:  syntax error, unexpected token "<" in C:\\Users\\Andrii\\source\\repos\\PHP-SPD-111\\_layout.php on line 27, referer: http://spd-111.loc/api
[Sat Feb 17 17:32:12.055494 2024] [php:error] [pid 10832:tid 1912] [client ::1:56252] PHP Parse error:  syntax error, unexpected single-quoted string "data", expecting "]" in C:\\Users\\Andrii\\source\\repos\\PHP-SPD-111\\controllers\\AuthController.php on line 40, referer: http://spd-111.loc/signup
[Sat Feb 17 17:33:08.614515 2024] [php:error] [pid 10832:tid 1908] [client ::1:56295] PHP Parse error:  syntax error, unexpected single-quoted string "data", expecting "]" in C:\\Users\\Andrii\\source\\repos\\PHP-SPD-111\\controllers\\AuthController.php on line 40, referer: http://spd-111.loc/signup
[Sat Feb 17 17:36:31.638637 2024] [php:error] [pid 10832:tid 1908] [client ::1:56409] PHP Parse error:  syntax error, unexpected single-quoted string "data", expecting "]" in C:\\Users\\Andrii\\source\\repos\\PHP-SPD-111\\controllers\\AuthController.php on line 40, referer: http://spd-111.loc/signup
[Sat Feb 17 17:38:41.838069 2024] [php:error] [pid 10832:tid 1908] [client ::1:56487] PHP Parse error:  syntax error, unexpected single-quoted string "data", expecting "]" in C:\\Users\\Andrii\\source\\repos\\PHP-SPD-111\\controllers\\AuthController.php on line 40, referer: http://spd-111.loc/signup
[Sat Feb 24 16:47:42.107027 2024] [php:error] [pid 21004:tid 1916] [client ::1:58638] PHP Fatal error:  Uncaught Error: Undefined constant "session_start" in C:\\Users\\Andrii\\source\\repos\\PHP-SPD-111\\_layout.php:2\nStack trace:\n#0 C:\\Users\\Andrii\\source\\repos\\PHP-SPD-111\\access_manager.php(57): include()\n#1 {main}\n  thrown in C:\\Users\\Andrii\\source\\repos\\PHP-SPD-111\\_layout.php on line 2, referer: http://spd-111.loc/signup
[Sat Feb 24 16:47:44.113970 2024] [php:error] [pid 21004:tid 1916] [client ::1:58638] PHP Fatal error:  Uncaught Error: Undefined constant "session_start" in C:\\Users\\Andrii\\source\\repos\\PHP-SPD-111\\_layout.php:2\nStack trace:\n#0 C:\\Users\\Andrii\\source\\repos\\PHP-SPD-111\\access_manager.php(57): include()\n#1 {main}\n  thrown in C:\\Users\\Andrii\\source\\repos\\PHP-SPD-111\\_layout.php on line 2, referer: http://spd-111.loc/signup
[Sat Feb 24 16:50:58.447504 2024] [php:error] [pid 21004:tid 1928] [client ::1:58756] PHP Fatal error:  Uncaught Error: Undefined constant "session_start" in C:\\Users\\Andrii\\source\\repos\\PHP-SPD-111\\controllers\\AuthController.php:72\nStack trace:\n#0 C:\\Users\\Andrii\\source\\repos\\PHP-SPD-111\\controllers\\ApiController.php(11): AuthController->do_patch()\n#1 C:\\Users\\Andrii\\source\\repos\\PHP-SPD-111\\access_manager.php(68): ApiController->serve()\n#2 {main}\n  thrown in C:\\Users\\Andrii\\source\\repos\\PHP-SPD-111\\controllers\\AuthController.php on line 72, referer: http://spd-111.loc/signup
[Sat Feb 24 17:14:33.998572 2024] [php:warn] [pid 21004:tid 1956] [client ::1:59543] PHP Warning:  Undefined array key "auth-moment" in C:\\Users\\Andrii\\source\\repos\\PHP-SPD-111\\_layout.php on line 5, referer: http://spd-111.loc/signup
[Sat Feb 24 17:50:31.176590 2024] [php:warn] [pid 21004:tid 1916] [client ::1:61873] PHP Warning:  Undefined variable $interval in C:\\Users\\Andrii\\source\\repos\\PHP-SPD-111\\_layout.php on line 56, referer: http://spd-111.loc/signup
[Sat Feb 24 17:50:49.402220 2024] [php:warn] [pid 21004:tid 1956] [client ::1:61884] PHP Warning:  Undefined variable $interval in C:\\Users\\Andrii\\source\\repos\\PHP-SPD-111\\_layout.php on line 56, referer: http://spd-111.loc/signup
[Sat Feb 24 17:50:51.852674 2024] [php:warn] [pid 21004:tid 1920] [client ::1:61885] PHP Warning:  Undefined variable $interval in C:\\Users\\Andrii\\source\\repos\\PHP-SPD-111\\_layout.php on line 56, referer: http://spd-111.loc/signup
[Sat Feb 24 17:50:53.197795 2024] [php:warn] [pid 21004:tid 1916] [client ::1:61886] PHP Warning:  Undefined variable $interval in C:\\Users\\Andrii\\source\\repos\\PHP-SPD-111\\_layout.php on line 56, referer: http://spd-111.loc/signup
[Sat Feb 24 17:50:57.665926 2024] [php:warn] [pid 21004:tid 1920] [client ::1:61885] PHP Warning:  Undefined variable $interval in C:\\Users\\Andrii\\source\\repos\\PHP-SPD-111\\_layout.php on line 56, referer: http://spd-111.loc/signup
[Sat Feb 24 17:56:04.891597 2024] [php:warn] [pid 21004:tid 1916] [client ::1:61920] PHP Warning:  Undefined variable $interval in C:\\Users\\Andrii\\source\\repos\\PHP-SPD-111\\_layout.php on line 56, referer: http://spd-111.loc/signup
[Sun Feb 25 15:26:57.718009 2024] [php:warn] [pid 33636:tid 1940] [client ::1:58435] PHP Warning:  Undefined variable $interval in C:\\Users\\Andrii\\source\\repos\\PHP-SPD-111\\_layout.php on line 56, referer: http://spd-111.loc/signup
[Sun Feb 25 15:26:58.163102 2024] [php:warn] [pid 33636:tid 1900] [client ::1:58436] PHP Warning:  Undefined variable $interval in C:\\Users\\Andrii\\source\\repos\\PHP-SPD-111\\_layout.php on line 56, referer: http://spd-111.loc/signup
